"../../../Engine/Content/ArtTools/RenderToTexture/Enums/RenderToTexture_Enum.uasset" 0
"../../../Engine/Content/ArtTools/RenderToTexture/Enums/RenderToTexture_Flipbook_Enum.uasset" 1
"../../../Engine/Content/ArtTools/RenderToTexture/Enums/RenderToTexture_Imposter_Enum.uasset" 2
"../../../Engine/Content/EditorBlueprintResources/StandardMacros.uasset" 3
"../../../Engine/Content/ArtTools/RenderToTexture/Enums/EIntTypes.uasset" 4
"../../../Engine/Content/ArtTools/RenderToTexture/Macros/RenderToTextureFunctionLibrary.uasset" 5
"../../../Engine/Content/ArtTools/RenderToTexture/Enums/EFloatTypes.uasset" 6
"../../../Engine/Content/ArtTools/RenderToTexture/Macros/RenderToTextureMacros.uasset" 7
"../../../Engine/Content/Functions/Engine_MaterialFunctions01/Opacity/CameraDepthFade.uasset" 8
"../../../Engine/Content/EngineMaterials/T_Default_Material_Grid_M.uasset" 9
"../../../Engine/Content/EngineMaterials/T_Default_Material_Grid_N.uasset" 10
"../../../Engine/Content/EngineMaterials/WorldGridMaterial.uasset" 11
"../../../Engine/Content/ArtTools/RenderToTexture/Meshes/S_1_Unit_Plane.uasset" 12
"../../../Engine/Content/EngineMaterials/DefaultPhysicalMaterial.uasset" 13
"../../../Engine/Content/BufferVisualization/AmbientOcclusion.uasset" 14
"../../../Engine/Content/BufferVisualization/BaseColor.uasset" 15
"../../../Engine/Content/BufferVisualization/CustomDepth.uasset" 16
"../../../Engine/Content/Functions/Engine_MaterialFunctions02/Utility/VectorLength.uasset" 17
"../../../Engine/Content/BufferVisualization/CustomDepthWorldUnits.uasset" 18
"../../../Engine/Content/Functions/Engine_MaterialFunctions02/Utility/BreakOutFloat2Components.uasset" 19
"../../../Engine/Content/Functions/Engine_MaterialFunctions01/Texturing/ScaleUVsByCenter.uasset" 20
"../../../Engine/Content/Functions/Engine_MaterialFunctions02/ScreenResolution.uasset" 21
"../../../Engine/Content/Functions/Engine_MaterialFunctions02/Texturing/ScreenAlignedUVs.uasset" 22
"../../../Engine/Content/Functions/Engine_MaterialFunctions02/Utility/MakeFloat2.uasset" 23
"../../../Engine/Content/Functions/Engine_MaterialFunctions02/Utility/MakeFloat3.uasset" 24
"../../../Engine/Content/EngineMaterials/MiniFont.uasset" 25
"../../../Engine/Content/BufferVisualization/CustomStencil.uasset" 26
"../../../Engine/Content/BufferVisualization/FinalImage.uasset" 27
"../../../Engine/Content/BufferVisualization/LightingModel.uasset" 28
"../../../Engine/Content/BufferVisualization/MaterialAO.uasset" 29
"../../../Engine/Content/BufferVisualization/Metallic.uasset" 30
"../../../Engine/Content/BufferVisualization/Opacity.uasset" 31
"../../../Engine/Content/BufferVisualization/PostTonemapHDRColor.uasset" 32
"../../../Engine/Content/BufferVisualization/PreTonemapHDRColor.uasset" 33
"../../../Engine/Content/BufferVisualization/Roughness.uasset" 34
"../../../Engine/Content/BufferVisualization/SceneColor.uasset" 35
"../../../Engine/Content/BufferVisualization/SceneDepth.uasset" 36
"../../../Engine/Content/BufferVisualization/SceneDepthWorldUnits.uasset" 37
"../../../Engine/Content/BufferVisualization/SeparateTranslucencyA.uasset" 38
"../../../Engine/Content/BufferVisualization/SeparateTranslucencyRGB.uasset" 39
"../../../Engine/Content/BufferVisualization/Specular.uasset" 40
"../../../Engine/Content/BufferVisualization/SubsurfaceColor.uasset" 41
"../../../Engine/Content/BufferVisualization/WorldNormal.uasset" 42
"../../../Engine/Content/EditorBlueprintResources/ActorMacros.uasset" 43
"../../../Engine/Content/EditorLandscapeResources/DataLayer.uasset" 44
"../../../Engine/Content/EditorLandscapeResources/DefaultAlphaTexture.uasset" 45
"../../../Engine/Content/EditorLandscapeResources/LandscapeGizmoHeight_Mat.uasset" 46
"../../../Engine/Content/EditorLandscapeResources/LandscapeGizmo_Mat.uasset" 47
"../../../Engine/Content/EditorLandscapeResources/LandscapeGizmo_Mat_Copied.uasset" 48
"../../../Engine/Content/EditorLandscapeResources/SplineEditorMeshMat.uasset" 49
"../../../Engine/Content/EditorLandscapeResources/SplineEditorMesh.uasset" 50
"../../../Engine/Content/EditorMaterials/Cross.uasset" 51
"../../../Engine/Content/EditorMaterials/Cross_Mat.uasset" 52
"../../../Engine/Content/EditorMaterials/GizmoMaterial.uasset" 53
"../../../Engine/Content/Functions/Engine_MaterialFunctions02/Utility/Sign.uasset" 54
"../../../Engine/Content/Functions/Engine_MaterialFunctions02/Utility/Round.uasset" 55
"../../../Engine/Content/Functions/Engine_MaterialFunctions02/ExampleContent/Textures/flipbook.uasset" 56
"../../../Engine/Content/Functions/Engine_MaterialFunctions02/Texturing/FlipBook.uasset" 57
"../../../Engine/Content/EditorResources/T_EditorHelp.uasset" 58
"../../../Engine/Content/EditorMaterials/HelpActorMaterial.uasset" 59
"../../../Engine/Content/EditorMaterials/CompositeARGBLayer.uasset" 60
"../../../Engine/Content/EditorMaterials/TilingAALineIntegral.uasset" 61
"../../../Engine/Content/EditorMaterials/TilingAALineBoxFiltered.uasset" 62
"../../../Engine/Content/Functions/Engine_MaterialFunctions03/Procedurals/ComputeFilterWidth.uasset" 63
"../../../Engine/Content/EditorMaterials/TilingAADots.uasset" 64
"../../../Engine/Content/EditorMaterials/Cascade/CASC_Cross.uasset" 65
"../../../Engine/Content/EditorMaterials/Cascade/CASC_None.uasset" 66
"../../../Engine/Content/Functions/Engine_MaterialFunctions03/Blends/Blend_Screen.uasset" 67
"../../../Engine/Content/EditorMaterials/TilingAAGrid.uasset" 68
"../../../Engine/Content/EditorMaterials/LevelGridMaterial.uasset" 69
"../../../Engine/Content/EditorMaterials/MakeCompositeARGBLayer.uasset" 70
"../../../Engine/Content/EditorResources/LevelGrid1DStripes.uasset" 71
"../../../Engine/Content/EditorMaterials/TextureGridCascaded1D.uasset" 72
"../../../Engine/Content/EditorMaterials/TextureGridCascaded2D.uasset" 73
"../../../Engine/Content/EditorMaterials/LevelGridMaterial2.uasset" 74
"../../../Engine/Content/EditorMaterials/MAT_Groups_Toggle.uasset" 75
"../../../Engine/Content/EditorMaterials/MAT_Groups_Visibility.uasset" 76
"../../../Engine/Content/EditorMaterials/AntialiasedGridFloor.uasset" 77
"../../../Engine/Content/EditorResources/TilePatine_D.uasset" 78
"../../../Engine/Content/EditorResources/TilePatine_N.uasset" 79
"../../../Engine/Content/EngineMaterials/Grid.uasset" 80
"../../../Engine/Content/EditorMaterials/PersonaFloorMat.uasset" 81
"../../../Engine/Content/EditorMaterials/PhAT_BoneSelectedMaterial.uasset" 82
"../../../Engine/Content/EditorMaterials/PhAT_ElemSelectedMaterial.uasset" 83
"../../../Engine/Content/EditorMaterials/PhAT_NoCollisionMaterial.uasset" 84
"../../../Engine/Content/EditorMaterials/PhAT_UnselectedMaterial.uasset" 85
"../../../Engine/Content/EditorMaterials/PreviewShadowIndicator.uasset" 86
"../../../Engine/Content/EditorMaterials/PreviewShadowIndicatorMaterial.uasset" 87
"../../../Engine/Content/EditorMaterials/TargetIcon.uasset" 88
"../../../Engine/Content/EditorMaterials/Tick.uasset" 89
"../../../Engine/Content/EditorMaterials/Tick_Mat.uasset" 90
"../../../Engine/Content/EditorMaterials/WidgetGridVertexColorMaterial.uasset" 91
"../../../Engine/Content/EditorMaterials/WidgetGridVertexColorMaterial_Ma.uasset" 92
"../../../Engine/Content/EditorMaterials/WidgetMaterial.uasset" 93
"../../../Engine/Content/EditorMaterials/WidgetMaterial_Current.uasset" 94
"../../../Engine/Content/EditorMaterials/WidgetMaterial_X.uasset" 95
"../../../Engine/Content/EditorMaterials/WidgetMaterial_Y.uasset" 96
"../../../Engine/Content/EditorMaterials/WidgetMaterial_Z.uasset" 97
"../../../Engine/Content/EditorMaterials/WidgetVertexColorMaterial.uasset" 98
"../../../Engine/Content/EditorMaterials/AssetViewer/EpicQuadPanorama_CC+EV1.uasset" 99
"../../../Engine/Content/EditorMaterials/MatineeGroups/MAT_ColorTrack.uasset" 100
"../../../Engine/Content/EditorMaterials/MatineeGroups/MAT_Groups_Anim.uasset" 101
"../../../Engine/Content/EditorMaterials/MatineeGroups/MAT_Groups_AudioMaster.uasset" 102
"../../../Engine/Content/EditorMaterials/MatineeGroups/MAT_Groups_Director.uasset" 103
"../../../Engine/Content/EditorMaterials/MatineeGroups/MAT_Groups_Event.uasset" 104
"../../../Engine/Content/EditorMaterials/MatineeGroups/MAT_Groups_Fade.uasset" 105
"../../../Engine/Content/EditorMaterials/MatineeGroups/MAT_Groups_Float.uasset" 106
"../../../Engine/Content/EditorMaterials/MatineeGroups/MAT_Groups_Move.uasset" 107
"../../../Engine/Content/EditorMaterials/MatineeGroups/MAT_Groups_Slomo.uasset" 108
"../../../Engine/Content/EditorMaterials/MatineeGroups/MAT_Groups_Sound.uasset" 109
"../../../Engine/Content/EditorMaterials/MatineeGroups/MAT_Groups_Vector.uasset" 110
"../../../Engine/Content/EditorMaterials/ParticleSystems/PSysThumbnail_NoImage.uasset" 111
"../../../Engine/Content/EditorMaterials/ParticleSystems/PSysThumbnail_OOD.uasset" 112
"../../../Engine/Content/EditorMaterials/Thumbnails/FloorPlaneMaterial.uasset" 113
"../../../Engine/Content/EditorMeshes/EditorCylinder.uasset" 114
"../../../Engine/Content/EditorMeshes/EditorPlane.uasset" 115
"../../../Engine/Content/EditorMaterials/Thumbnails/SkySphereMaterial.uasset" 116
"../../../Engine/Content/EditorMeshes/EditorSkySphere.uasset" 117
"../../../Engine/Content/EditorMeshes/EditorSphere.uasset" 118
"../../../Engine/Content/EditorResources/MatineeCam_D.uasset" 119
"../../../Engine/Content/EditorMaterials/MatineeCam_mat.uasset" 120
"../../../Engine/Content/EditorMeshes/MatineeCam_SM.uasset" 121
"../../../Engine/Content/Functions/Engine_MaterialFunctions01/Shading/ConvertFromDiffSpec.uasset" 122
"../../../Engine/Content/EditorMaterials/GridMaterial.uasset" 123
"../../../Engine/Content/EditorMeshes/PhAT_FloorBox.uasset" 124
"../../../Engine/Content/EditorMaterials/Camera/CineMat.uasset" 125
"../../../Engine/Content/EditorMaterials/Camera/MI_CineMat_CameraBody.uasset" 126
"../../../Engine/Content/EngineDebugMaterials/M_SimpleOpaque.uasset" 127
"../../../Engine/Content/EditorMaterials/Camera/MI_CineMat_CamViewFinder.uasset" 128
"../../../Engine/Content/EditorMeshes/Camera/SM_CineCam.uasset" 129
"../../../Engine/Content/EditorMaterials/Camera/MI_CineMat_Rig.uasset" 130
"../../../Engine/Content/EditorMeshes/Camera/SM_CraneRig_Arm.uasset" 131
"../../../Engine/Content/EditorMeshes/Camera/SM_CraneRig_Base.uasset" 132
"../../../Engine/Content/EditorMeshes/Camera/SM_CraneRig_Body.uasset" 133
"../../../Engine/Content/EditorMeshes/Camera/SM_CraneRig_Mount.uasset" 134
"../../../Engine/Content/EditorMeshes/Camera/SM_RailRig_Mount.uasset" 135
"../../../Engine/Content/EditorMeshes/Camera/SM_RailRig_Track.uasset" 136
"../../../Engine/Content/EditorMeshes/ColorCalibrator/M_ChromeBall.uasset" 137
"../../../Engine/Content/EditorMeshes/ColorCalibrator/M_ClearCoat.uasset" 138
"../../../Engine/Content/EditorMeshes/ColorCalibrator/M_ClearCoatBlack.uasset" 139
"../../../Engine/Content/EditorMeshes/ColorCalibrator/T_ColorGrid.uasset" 140
"../../../Engine/Content/EditorMeshes/ColorCalibrator/M_ColorGrid.uasset" 141
"../../../Engine/Content/EditorMeshes/ColorCalibrator/M_GreyBall.uasset" 142
"../../../Engine/Content/EditorMeshes/ColorCalibrator/SM_ColorCalibrator.uasset" 143
"../../../Engine/Content/EditorResources/Bad.uasset" 144
"../../../Engine/Content/EditorResources/BSPVertex.uasset" 145
"../../../Engine/Content/EditorResources/MatInstActSprite.uasset" 146
"../../../Engine/Content/EditorResources/RGBTable16x1_AssetViewer.uasset" 147
"../../../Engine/Content/EditorResources/SceneManager.uasset" 148
"../../../Engine/Content/EditorResources/SmallFont.uasset" 149
"../../../Engine/Content/EditorResources/S_Actor.uasset" 150
"../../../Engine/Content/EditorResources/S_DecalActorIcon.uasset" 151
"../../../Engine/Content/EditorResources/S_Emitter.uasset" 152
"../../../Engine/Content/EditorResources/S_ExpoHeightFog.uasset" 153
"../../../Engine/Content/EditorResources/S_FTest.uasset" 154
"../../../Engine/Content/EditorResources/S_KBSJoint.uasset" 155
"../../../Engine/Content/EditorResources/S_KHinge.uasset" 156
"../../../Engine/Content/EditorResources/S_KPrismatic.uasset" 157
"../../../Engine/Content/EditorResources/S_LevelSequence.uasset" 158
"../../../Engine/Content/EditorResources/S_NavP.uasset" 159
"../../../Engine/Content/EditorResources/S_Note.uasset" 160
"../../../Engine/Content/EditorResources/S_Player.uasset" 161
"../../../Engine/Content/EditorResources/S_PortalActorIcon2.uasset" 162
"../../../Engine/Content/EditorResources/S_RadForce.uasset" 163
"../../../Engine/Content/EditorResources/S_ReflActorIcon.uasset" 164
"../../../Engine/Content/EditorResources/S_Terrain.uasset" 165
"../../../Engine/Content/EditorResources/S_TextRenderActorIcon.uasset" 166
"../../../Engine/Content/EditorResources/S_Thruster.uasset" 167
"../../../Engine/Content/EditorResources/S_Trigger.uasset" 168
"../../../Engine/Content/EditorResources/S_VectorFieldVol.uasset" 169
"../../../Engine/Content/EditorResources/S_WindDirectional.uasset" 170
"../../../Engine/Content/EditorResources/AI/S_NavLink.uasset" 171
"../../../Engine/Content/EditorResources/LightIcons/SkyLight.uasset" 172
"../../../Engine/Content/EditorResources/LightIcons/S_LightDirectional.uasset" 173
"../../../Engine/Content/EditorResources/LightIcons/S_LightDirectionalMove.uasset" 174
"../../../Engine/Content/EditorResources/LightIcons/S_LightError.uasset" 175
"../../../Engine/Content/EditorResources/LightIcons/S_LightPoint.uasset" 176
"../../../Engine/Content/EditorResources/LightIcons/S_LightPointMove.uasset" 177
"../../../Engine/Content/EditorResources/LightIcons/S_LightSpot.uasset" 178
"../../../Engine/Content/EditorResources/LightIcons/S_LightSpotMove.uasset" 179
"../../../Engine/Content/EditorResources/SequenceRecorder/Countdown.uasset" 180
"../../../Engine/Content/EditorResources/SequenceRecorder/RecordingIndicator.uasset" 181
"../../../Engine/Content/EditorResources/Spline/T_Loft_Spline.uasset" 182
"../../../Engine/Content/EditorSounds/GamePreview/EndPlayInEditor.uasset" 183
"../../../Engine/Content/EditorSounds/GamePreview/EndPlayInEditor_Cue.uasset" 184
"../../../Engine/Content/EditorSounds/Notifications/CompileFailed.uasset" 185
"../../../Engine/Content/EditorSounds/Notifications/CompileFailed_Cue.uasset" 186
"../../../Engine/Content/EditorSounds/Notifications/CompileSuccess.uasset" 187
"../../../Engine/Content/EditorSounds/Notifications/CompileStart_Cue.uasset" 188
"../../../Engine/Content/EditorSounds/Notifications/CompileSuccess_Cue.uasset" 189
"../../../Engine/Content/EngineDamageTypes/DmgTypeBP_Environmental.uasset" 190
"../../../Engine/Content/EngineDebugMaterials/HeatmapGradient.uasset" 191
"../../../Engine/Content/EngineDebugMaterials/BoneWeightMaterial.uasset" 192
"../../../Engine/Content/EngineDebugMaterials/DebugMeshMaterial.uasset" 193
"../../../Engine/Content/EngineDebugMaterials/GeomMaterial.uasset" 194
"../../../Engine/Content/EngineDebugMaterials/LevelColorationLitMaterial.uasset" 195
"../../../Engine/Content/EngineDebugMaterials/LevelColorationUnlitMaterial.uasset" 196
"../../../Engine/Content/EngineMaterials/DefaultWhiteGrid.uasset" 197
"../../../Engine/Content/EngineDebugMaterials/MAT_LevelColorationLitLightmapUV.uasset" 198
"../../../Engine/Content/EngineDebugMaterials/M_SimpleTranslucent.uasset" 199
"../../../Engine/Content/EngineDebugMaterials/ShadedLevelColorationLitMaterial.uasset" 200
"../../../Engine/Content/EngineDebugMaterials/ShadedLevelColorationUnlitMateri.uasset" 201
"../../../Engine/Content/EngineDebugMaterials/VertexColorMaterial.uasset" 202
"../../../Engine/Content/EngineDebugMaterials/VertexColorViewMode_AlphaAsColor.uasset" 203
"../../../Engine/Content/EngineDebugMaterials/VertexColorViewMode_BlueOnly.uasset" 204
"../../../Engine/Content/EngineDebugMaterials/VertexColorViewMode_ColorOnly.uasset" 205
"../../../Engine/Content/EngineDebugMaterials/VertexColorViewMode_GreenOnly.uasset" 206
"../../../Engine/Content/EngineDebugMaterials/VertexColorViewMode_RedOnly.uasset" 207
"../../../Engine/Content/EngineDebugMaterials/WireframeMaterial.uasset" 208
"../../../Engine/Content/EngineFonts/Faces/RobotoBold.uasset" 209
"../../../Engine/Content/EngineFonts/Faces/RobotoBoldItalic.uasset" 210
"../../../Engine/Content/EngineFonts/Faces/RobotoItalic.uasset" 211
"../../../Engine/Content/EngineFonts/Faces/RobotoLight.uasset" 212
"../../../Engine/Content/EngineFonts/Faces/RobotoRegular.uasset" 213
"../../../Engine/Content/EngineFonts/Roboto.uasset" 214
"../../../Engine/Content/EngineFonts/Faces/RobotoTiny.uasset" 215
"../../../Engine/Content/EngineFonts/RobotoTiny.uasset" 216
"../../../Engine/Content/EngineFonts/SmallFont.uasset" 217
"../../../Engine/Content/EngineFonts/TinyFont.uasset" 218
"../../../Engine/Content/EngineResources/WhiteSquareTexture.uasset" 219
"../../../Engine/Content/EngineMaterials/BlinkingCaret.uasset" 220
"../../../Engine/Content/EngineMaterials/DefaultBokeh.uasset" 221
"../../../Engine/Content/EngineMaterials/DefaultDiffuse.uasset" 222
"../../../Engine/Content/EngineMaterials/DefaultDeferredDecalMaterial.uasset" 223
"../../../Engine/Content/EngineMaterials/DefaultLightFunctionMaterial.uasset" 224
"../../../Engine/Content/EngineMaterials/DefaultNormal.uasset" 225
"../../../Engine/Content/EngineMaterials/DefaultPostProcessMaterial.uasset" 226
"../../../Engine/Content/EngineFonts/RobotoDistanceField.uasset" 227
"../../../Engine/Content/EngineMaterials/DefaultTextMaterialOpaque.uasset" 228
"../../../Engine/Content/EngineMaterials/EditorBrushMaterial.uasset" 229
"../../../Engine/Content/EngineMaterials/Grid_N.uasset" 230
"../../../Engine/Content/EngineMaterials/HighResolutionScreenshotMaskFunction.uasset" 231
"../../../Engine/Content/EngineMaterials/HighResScreenshot.uasset" 232
"../../../Engine/Content/EngineMaterials/HighResScreenshotCaptureRegion.uasset" 233
"../../../Engine/Content/EngineMaterials/HighResScreenshotMask.uasset" 234
"../../../Engine/Content/EngineMaterials/LandscapeHolePhysicalMaterial.uasset" 235
"../../../Engine/Content/EngineMaterials/InvalidLightmapSettings.uasset" 236
"../../../Engine/Content/EngineMaterials/M_InvalidLightmapSettings.uasset" 237
"../../../Engine/Content/EngineMaterials/PaperDiffuse.uasset" 238
"../../../Engine/Content/EngineMaterials/PaperNormal.uasset" 239
"../../../Engine/Content/EngineMaterials/PhAT_JointLimitMaterial.uasset" 240
"../../../Engine/Content/EngineMaterials/PhysMat_Rubber.uasset" 241
"../../../Engine/Content/EngineMaterials/PreintegratedSkinBRDF.uasset" 242
"../../../Engine/Content/EngineMaterials/RemoveSurfaceMaterial.uasset" 243
"../../../Engine/Content/EngineMaterials/WeightMapPlaceholderTexture.uasset" 244
"../../../Engine/Content/EngineMaterials/Widget3DPassThrough.uasset" 245
"../../../Engine/Content/EngineMaterials/Widget3DPassThrough_Masked.uasset" 246
"../../../Engine/Content/EngineMaterials/Widget3DPassThrough_Opaque.uasset" 247
"../../../Engine/Content/EngineMaterials/Widget3DPassThrough_Masked_OneSided.uasset" 248
"../../../Engine/Content/EngineMaterials/Widget3DPassThrough_Opaque_OneSided.uasset" 249
"../../../Engine/Content/EngineMaterials/Widget3DPassThrough_Translucent.uasset" 250
"../../../Engine/Content/EngineMaterials/Widget3DPassThrough_Translucent_OneSided.uasset" 251
"../../../Engine/Content/EngineMaterials/DefaultMaterial.uasset" 252
"../../../Engine/Content/EngineMeshes/Cube.uasset" 253
"../../../Engine/Content/EngineMeshes/Cylinder.uasset" 254
"../../../Engine/Content/EngineMeshes/Sphere.uasset" 255
"../../../Engine/Content/EngineResources/Black.uasset" 256
"../../../Engine/Content/EngineResources/DefaultTexture.uasset" 257
"../../../Engine/Content/EngineResources/DefaultTextureCube.uasset" 258
"../../../Engine/Content/EngineResources/GradientTexture0.uasset" 259
"../../../Engine/Content/EngineResources/StreamingPauseIcon.uasset" 260
"../../../Engine/Content/EngineResources/M_StreamingPause.uasset" 261
"../../../Engine/Content/EngineSounds/Master.uasset" 262
"../../../Engine/Content/Functions/Engine_MaterialFunctions01/Shading/PowerToRoughness.uasset" 263
"../../../Engine/Content/Maps/Templates/Thumbnails/Default.uasset" 264
"../../../Engine/Content/Maps/Templates/Thumbnails/VR-Basic.uasset" 265
"../../../Engine/Content/MapTemplates/Sky/DaylightAmbientCubemap.uasset" 266
"../../../Engine/Content/MobileResources/T_MobileControls_texture.uasset" 267
"../../../Engine/Content/MobileResources/T_MobileMenu2.uasset" 268
"../../../Engine/Content/MobileResources/HUD/AnalogHat.uasset" 269
"../../../Engine/Content/MobileResources/HUD/VirtualJoystick_Background.uasset" 270
"../../../Engine/Content/MobileResources/HUD/VirtualJoystick_Thumb.uasset" 271
"../../../Engine/Content/MobileResources/HUD/DefaultVirtualJoysticks.uasset" 272
"../../../Engine/Content/MobileResources/HUD/LeftVirtualJoystickOnly.uasset" 273
"../../../Engine/Content/MobileResources/HUD/MobileHUDButton1_off.uasset" 274
"../../../Engine/Content/MobileResources/HUD/MobileHUDButton1_on.uasset" 275
"../../../Engine/Content/MobileResources/HUD/MobileHUDButton2_off.uasset" 276
"../../../Engine/Content/MobileResources/HUD/MobileHUDButton2_on.uasset" 277
"../../../Engine/Content/MobileResources/HUD/MobileHUDButton3.uasset" 278
"../../../Engine/Content/MobileResources/HUD/MobileHUDButtonFire.uasset" 279
"../../../Engine/Content/MobileResources/HUD/MobileHUDDirectionPad.uasset" 280
"../../../Engine/Content/MobileResources/HUD/MobileHUDDirectionPad2.uasset" 281
"../../../Engine/Content/MobileResources/HUD/MobileHUDDirectionPad3.uasset" 282
"../../../Engine/Content/MobileResources/HUD/MobileHUDDirectionStick.uasset" 283
"../../../Engine/Content/MobileResources/HUD/T_Castle_ThumbstickInner.uasset" 284
"../../../Engine/Content/MobileResources/HUD/T_Castle_ThumbstickOutter.uasset" 285
"../../../Engine/Content/Tutorial/ContentIntroCurve.uasset" 286
"../../../Engine/Content/Tutorial/Basics/TutorialAssets/icon_tab_Levels_40x.uasset" 287
"../../../Engine/Content/Tutorial/BlueprintTutorials/TutorialAssets/BlueprintInterface_64x.uasset" 288
"../../../Engine/Content/Tutorial/BlueprintTutorials/TutorialAssets/BlueprintMacroLibrary_64x.uasset" 289
"../../../Engine/Content/Tutorial/BlueprintTutorials/TutorialAssets/Blueprint_64x.uasset" 290
"../../../Engine/Content/Tutorial/BlueprintTutorials/TutorialAssets/Tutorial_BP_Interface.uasset" 291
"../../../Engine/Content/Tutorial/Foliage/TutorialAssets/Foliage.uasset" 292
"../../../Engine/Content/Tutorial/Landscape/TutorialAssets/Landscape.uasset" 293
"../../../Engine/Content/Tutorial/Paper2D/TutorialAssets/Paper2DFlipbook_TutorialIcon.uasset" 294
"../../../Engine/Content/Tutorial/Paper2D/TutorialAssets/Paper2DSprite_TutorialIcon.uasset" 295
"../../../Engine/Content/Tutorial/SubEditors/TutorialAssets/icon_Editor_Preferences_General_40x.uasset" 296
"../../../Engine/Content/Tutorial/SubEditors/TutorialAssets/icon_ShowSkeletalMeshes_40x.uasset" 297
"../../../Engine/Content/Tutorial/SubEditors/TutorialAssets/TutorialMaterial.uasset" 298
"../../../Engine/Content/Tutorial/SubEditors/TutorialAssets/T_SmokeSubUV_8X8.uasset" 299
"../../../Engine/Content/Tutorial/SubEditors/TutorialAssets/T_soft_smoke.uasset" 300
"../../../Engine/Content/Tutorial/SubEditors/TutorialAssets/M_smoke_subUV_blackbody.uasset" 301
"../../../Engine/Content/Tutorial/SubEditors/TutorialAssets/TutorialParticleSystem.uasset" 302
"../../../Engine/Content/EditorMeshes/EditorCube.uasset" 303
"../../../Engine/Content/Tutorial/SubEditors/TutorialAssets/Tutorial_DM.uasset" 304
"../../../Engine/Content/VREditor/Devices/Generic/GenericHMDMaterial.uasset" 305
"../../../Engine/Content/VREditor/Devices/Generic/GenericHMD.uasset" 306
"../../../Engine/Content/VREditor/FloatingText/LineMaterial.uasset" 307
"../../../Engine/Content/VREditor/FloatingText/JointSphere.uasset" 308
"../../../Engine/Content/VREditor/FloatingText/LineSegmentCylinder.uasset" 309
"../../../Engine/Content/VREditor/Fonts/VRText_RobotoLarge.uasset" 310
"../../../Engine/Content/VREditor/Fonts/VRTextMaterial.uasset" 311
"../../../Engine/Content/VREditor/Fonts/TranslucentVRTextMaterial.uasset" 312
"../../../Engine/Content/VREditor/LaserPointer/VR_LaserPower_01.uasset" 313
"../../../Engine/Content/VREditor/LaserPointer/LaserPointerMaterial.uasset" 314
"../../../Engine/Content/VREditor/LaserPointer/LaserPointerMaterialInst.uasset" 315
"../../../Engine/Content/VREditor/LaserPointer/TranslucentLaserPointerMaterialInst.uasset" 316
"../../../Engine/Content/VREditor/LaserPointer/LaserPointerMesh.uasset" 317
"../../../Engine/Content/VREditor/Sounds/VR_grab_Cue.uasset" 318
"../../../Engine/Content/VREditor/Sounds/VR_teleport_Cue.uasset" 319
"../../../Engine/Content/VREditor/TransformGizmo/TransformGizmoMaterial.uasset" 320
"../../../Engine/Content/VREditor/TransformGizmo/TranslucentTransformGizmoMaterial.uasset" 321
"../../../Engine/Content/VREditor/TransformGizmo/BoundingBoxCorner.uasset" 322
"../../../Engine/Content/VREditor/TransformGizmo/BoundingBoxEdge.uasset" 323
"../../../Engine/Content/VREditor/TransformGizmo/PlaneTranslationHandle.uasset" 324
"../../../Engine/Content/VREditor/TransformGizmo/RotationHandle.uasset" 325
"../../../Engine/Content/VREditor/TransformGizmo/RotationHandleFull.uasset" 326
"../../../Engine/Content/VREditor/TransformGizmo/StretchingHandle.uasset" 327
"../../../Engine/Content/VREditor/TransformGizmo/TranslateHandleLong.uasset" 328
"../../../Engine/Content/VREditor/TransformGizmo/TranslationHandle.uasset" 329
"../../../Engine/Content/VREditor/TransformGizmo/UniformScaleHandle.uasset" 330
"../../../Engine/Content/VREditor/Tutorial/UMG/Specialized/AnimsForHands.uasset" 331
"../../../Engine/Content/VREditor/UI/CloseButtonMesh.uasset" 332
"../../../Engine/Content/VREditor/UI/SelectionBarMesh.uasset" 333
"../../../Engine/Content/Functions/Engine_MaterialFunctions01/Gradient/RadialGradient.uasset" 334
"../../../Engine/Content/VREditor/WorldMovementGrid/SimpleGrid.uasset" 335
"../../../Engine/Content/VREditor/WorldMovementGrid/GridMaterial.uasset" 336
"../../../Engine/Content/Functions/Engine_MaterialFunctions01/Density/ExponentialDensity.uasset" 337
"../../../Engine/Content/VREditor/WorldMovementGrid/GridPostProcess.uasset" 338
"../../../Engine/Content/EditorLandscapeResources/FlattenHeightMat.uasset" 339
"../../../Engine/Content/VREditor/WorldMovementGrid/PlaneMesh.uasset" 340
"../../../TestingGrounds/Content/Character/Textures/FirstPersonCrosshair.uasset" 341
"../../../Engine/Plugins/2D/Paper2D/Content/PlaceholderTextures/DummySpriteTexture.uasset" 342
"../../../Engine/Plugins/2D/Paper2D/Content/DummySpriteTexture.uasset" 343
"../../../Engine/Plugins/2D/Paper2D/Content/DummySprite.uasset" 344
"../../../Engine/Plugins/2D/Paper2D/Content/DefaultPaperTerrainMaterial.uasset" 345
"../../../Engine/Plugins/2D/Paper2D/Content/DefaultSpriteMaterial.uasset" 346
"../../../Engine/Plugins/2D/Paper2D/Content/MaskedUnlitSpriteMaterial.uasset" 347
"../../../Engine/Plugins/2D/Paper2D/Content/OpaqueUnlitSpriteMaterial.uasset" 348
"../../../TestingGrounds/Content/Character/Mannequin/FPMannequin/Mesh/SK_Mannequin_Arms_Skeleton.uasset" 349
"../../../TestingGrounds/Content/Character/Animations/FPAnimationClips/FirstPerson_Idle.uasset" 350
"../../../TestingGrounds/Content/Character/Animations/FPAnimationClips/FirstPerson_JumpEnd.uasset" 351
"../../../TestingGrounds/Content/Character/Animations/FPAnimationClips/FirstPerson_JumpLoop.uasset" 352
"../../../TestingGrounds/Content/Character/Animations/FPAnimationClips/FirstPerson_JumpStart.uasset" 353
"../../../TestingGrounds/Content/Character/Animations/FPAnimationClips/FirstPerson_Run.uasset" 354
"../../../TestingGrounds/Content/Character/Animations/ABP_FirstPerson.uasset" 355
"../../../TestingGrounds/Content/Character/Mannequin/TPMannequin/Mesh/UE4_Mannequin_Skeleton.uasset" 356
"../../../TestingGrounds/Content/Character/Animations/TPAnimationClips/Aim_Space_Ironsights.uasset" 357
"../../../TestingGrounds/Content/Character/Animations/AimOffsets/AimCenter.uasset" 358
"../../../TestingGrounds/Content/Character/Animations/AimOffsets/AimDown.uasset" 359
"../../../TestingGrounds/Content/Character/Animations/AimOffsets/AimUp.uasset" 360
"../../../TestingGrounds/Content/Character/Animations/TPAnimationClips/Idle_Rifle_Ironsights.uasset" 361
"../../../TestingGrounds/Content/Character/Animations/AimOffsets/AimOffset.uasset" 362
"../../../TestingGrounds/Content/Character/Animations/TPAnimationClips/Crouch_Idle_Rifle_Hip.uasset" 363
"../../../TestingGrounds/Content/Character/Animations/TPAnimationClips/Death_2.uasset" 364
"../../../TestingGrounds/Content/Character/Animations/TPAnimationClips/Idle_Rifle_Hip.uasset" 365
"../../../TestingGrounds/Content/Character/Animations/TPAnimationClips/Jump_From_Jog.uasset" 366
"../../../TestingGrounds/Content/Character/Animations/TPAnimationClips/Jump_From_Stand.uasset" 367
"../../../TestingGrounds/Content/Character/Animations/TPAnimationClips/Walk_Bwd_Rifle_Ironsights.uasset" 368
"../../../TestingGrounds/Content/Character/Animations/TPAnimationClips/Walk_Fwd_Rifle_Ironsights.uasset" 369
"../../../TestingGrounds/Content/Character/Animations/TPAnimationClips/Walk_Lt_Rifle_Ironsights.uasset" 370
"../../../TestingGrounds/Content/Character/Animations/TPAnimationClips/Walk_Rt_Rifle_Ironsights.uasset" 371
"../../../TestingGrounds/Content/Character/Animations/BlendSpaces/Aiming_Walk.uasset" 372
"../../../TestingGrounds/Content/Character/Animations/TPAnimationClips/Crouch_Walk_Bwd_Rifle_Hip.uasset" 373
"../../../TestingGrounds/Content/Character/Animations/TPAnimationClips/Crouch_Walk_Fwd_Rifle_Hip.uasset" 374
"../../../TestingGrounds/Content/Character/Animations/TPAnimationClips/Crouch_Walk_Lt_Rifle_Hip.uasset" 375
"../../../TestingGrounds/Content/Character/Animations/TPAnimationClips/Crouch_Walk_Rt_Rifle_Hip.uasset" 376
"../../../TestingGrounds/Content/Character/Animations/BlendSpaces/BS_CrouchWalk.uasset" 377
"../../../TestingGrounds/Content/Character/Animations/TPAnimationClips/Jog_Bwd_Rifle.uasset" 378
"../../../TestingGrounds/Content/Character/Animations/TPAnimationClips/Jog_Fwd_Rifle.uasset" 379
"../../../TestingGrounds/Content/Character/Animations/TPAnimationClips/Jog_Lt_Rifle.uasset" 380
"../../../TestingGrounds/Content/Character/Animations/TPAnimationClips/Jog_Rt_Rifle.uasset" 381
"../../../TestingGrounds/Content/Character/Animations/BlendSpaces/BS_Jog.uasset" 382
"../../../TestingGrounds/Content/Character/Animations/ABP_TP.uasset" 383
"../../../TestingGrounds/Content/Character/AI/PatrolData.uasset" 384
"../../../TestingGrounds/Content/Character/AI/FindNextPoint.uasset" 385
"../../../TestingGrounds/Content/Character/AI/Patrol.uasset" 386
"../../../TestingGrounds/Content/Character/AI/Shoot.uasset" 387
"../../../TestingGrounds/Content/Character/AI/ShootSequence.uasset" 388
"../../../TestingGrounds/Content/Character/AI/ClearBlackboardValue.uasset" 389
"../../../TestingGrounds/Content/Character/AI/Suspicion.uasset" 390
"../../../TestingGrounds/Content/Character/AI/IsWithinRange.uasset" 391
"../../../TestingGrounds/Content/Character/AI/UpdateLastLocation.uasset" 392
"../../../TestingGrounds/Content/Character/AI/GuardBehaviour.uasset" 393
"../../../TestingGrounds/Content/Character/AI/NPC_AI_BP.uasset" 394
"../../../TestingGrounds/Content/Character/Animations/FPAnimationClips/FirstPerson_Fire.uasset" 395
"../../../TestingGrounds/Content/Character/Animations/AM_FPFire.uasset" 396
"../../../TestingGrounds/Content/Character/Animations/TPAnimationClips/Fire_Rifle_Ironsights.uasset" 397
"../../../TestingGrounds/Content/Character/Animations/AM_TPFire.uasset" 398
"../../../TestingGrounds/Content/Weapons/FPWeapon/Materials/M_Laser.uasset" 399
"../../../TestingGrounds/Content/Weapons/FPWeapon/Mesh/BaseMaterial.uasset" 400
"../../../TestingGrounds/Content/Weapons/FPWeapon/Materials/FirstPersonProjectileMaterial.uasset" 401
"../../../TestingGrounds/Content/Weapons/FPWeapon/Mesh/FirstPersonProjectileMesh.uasset" 402
"../../../TestingGrounds/Content/Weapons/FPWeapon/Blueprint/BP_FirstPersonProjectile.uasset" 403
"../../../TestingGrounds/Content/Weapons/FPWeapon/Audio/FirstPersonTemplateWeaponFire02.uasset" 404
"../../../Engine/Content/Functions/Engine_MaterialFunctions02/Utility/BlendAngleCorrectedNormals.uasset" 405
"../../../Engine/Content/Functions/MaterialLayerFunctions/MatLayerBlend_NormalBlend.uasset" 406
"../../../Engine/Content/Functions/MaterialLayerFunctions/MatLayerBlend_Simple.uasset" 407
"../../../TestingGrounds/Content/Weapons/FPWeapon/Materials/MaterialLayers/T_ML_Rubber_Blue_01_D.uasset" 408
"../../../TestingGrounds/Content/Weapons/FPWeapon/Materials/MaterialLayers/T_ML_Rubber_Blue_01_N.uasset" 409
"../../../TestingGrounds/Content/Weapons/FPWeapon/Materials/MaterialLayers/ML_GlossyBlack_Latex_UE4.uasset" 410
"../../../TestingGrounds/Content/Weapons/FPWeapon/Materials/MaterialLayers/ML_Plastic_Shiny_Beige.uasset" 411
"../../../TestingGrounds/Content/Weapons/FPWeapon/Materials/MaterialLayers/ML_Screen.uasset" 412
"../../../TestingGrounds/Content/Weapons/FPWeapon/Materials/MaterialLayers/T_ML_Aluminum01.uasset" 413
"../../../TestingGrounds/Content/Weapons/FPWeapon/Materials/MaterialLayers/ML_SoftMetal_UE4.uasset" 414
"../../../TestingGrounds/Content/Weapons/FPWeapon/Textures/T_FPGun_M.uasset" 415
"../../../TestingGrounds/Content/Weapons/FPWeapon/Textures/T_FPGun_N.uasset" 416
"../../../TestingGrounds/Content/Weapons/FPWeapon/Materials/M_FPGun.uasset" 417
"../../../TestingGrounds/Content/Weapons/FPWeapon/Mesh/SK_FPGun_Skeleton.uasset" 418
"../../../TestingGrounds/Content/Weapons/FPWeapon/Mesh/SK_FPGun.uasset" 419
"../../../TestingGrounds/Content/Weapons/FPWeapon/Blueprint/BP_Gun.uasset" 420
"../../../TestingGrounds/Content/Character/Mannequin/FPMannequin/Materials/MaterialLayers/T_ML_Rubber_Blue_01_D.uasset" 421
"../../../TestingGrounds/Content/Character/Mannequin/FPMannequin/Materials/MaterialLayers/T_ML_Rubber_Blue_01_N.uasset" 422
"../../../TestingGrounds/Content/Character/Mannequin/FPMannequin/Materials/MaterialLayers/ML_GlossyBlack_Latex_UE4.uasset" 423
"../../../TestingGrounds/Content/Character/Mannequin/FPMannequin/Materials/MaterialLayers/ML_Plastic_Shiny_Beige.uasset" 424
"../../../TestingGrounds/Content/Character/Mannequin/FPMannequin/Textures/UE4_LOGO_CARD.uasset" 425
"../../../TestingGrounds/Content/Character/Mannequin/FPMannequin/Materials/MaterialLayers/ML_Plastic_Shiny_Beige_LOGO.uasset" 426
"../../../TestingGrounds/Content/Character/Mannequin/FPMannequin/Materials/MaterialLayers/T_ML_Aluminum01.uasset" 427
"../../../TestingGrounds/Content/Character/Mannequin/FPMannequin/Materials/MaterialLayers/T_ML_Aluminum01_N.uasset" 428
"../../../TestingGrounds/Content/Character/Mannequin/FPMannequin/Materials/MaterialLayers/ML_SoftMetal_UE4.uasset" 429
"../../../TestingGrounds/Content/Character/Mannequin/FPMannequin/Textures/UE4_Mannequin__normals.uasset" 430
"../../../TestingGrounds/Content/Character/Mannequin/FPMannequin/Textures/UE4_Mannequin_MAT_MASKA.uasset" 431
"../../../TestingGrounds/Content/Character/Mannequin/FPMannequin/Materials/M_UE4Man_Body.uasset" 432
"../../../TestingGrounds/Content/Character/Mannequin/FPMannequin/Mesh/SK_Mannequin_Arms_PhysicsAsset.uasset" 433
"../../../TestingGrounds/Content/Character/Mannequin/FPMannequin/Mesh/SK_Mannequin_Arms.uasset" 434
"../../../Engine/Content/Functions/MaterialLayerFunctions/MatLayerBlend_AO.uasset" 435
"../../../TestingGrounds/Content/Character/Mannequin/TPMannequin/Materials/MaterialLayers/T_ML_Rubber_Blue_01_D.uasset" 436
"../../../TestingGrounds/Content/Character/Mannequin/TPMannequin/Materials/MaterialLayers/T_ML_Rubber_Blue_01_N.uasset" 437
"../../../TestingGrounds/Content/Character/Mannequin/TPMannequin/Materials/MaterialLayers/ML_GlossyBlack_Latex_UE4.uasset" 438
"../../../TestingGrounds/Content/Character/Mannequin/TPMannequin/Materials/MaterialLayers/ML_Plastic_Shiny_Beige.uasset" 439
"../../../TestingGrounds/Content/Character/Mannequin/TPMannequin/Textures/UE4_LOGO_CARD.uasset" 440
"../../../TestingGrounds/Content/Character/Mannequin/TPMannequin/Materials/MaterialLayers/ML_Plastic_Shiny_Beige_LOGO.uasset" 441
"../../../TestingGrounds/Content/Character/Mannequin/TPMannequin/Materials/MaterialLayers/T_ML_Aluminum01.uasset" 442
"../../../TestingGrounds/Content/Character/Mannequin/TPMannequin/Materials/MaterialLayers/T_ML_Aluminum01_N.uasset" 443
"../../../TestingGrounds/Content/Character/Mannequin/TPMannequin/Materials/MaterialLayers/ML_SoftMetal_UE4.uasset" 444
"../../../TestingGrounds/Content/Character/Mannequin/TPMannequin/Textures/UE4_Mannequin__normals.uasset" 445
"../../../TestingGrounds/Content/Character/Mannequin/TPMannequin/Textures/UE4_Mannequin_MAT_MASKA.uasset" 446
"../../../TestingGrounds/Content/Character/Mannequin/TPMannequin/Textures/UE4_Mannequin_occlusion_Mobile.uasset" 447
"../../../TestingGrounds/Content/Character/Mannequin/TPMannequin/Materials/M_UE4Man_Body.uasset" 448
"../../../TestingGrounds/Content/Character/Mannequin/TPMannequin/Textures/UE4Man_Logo_N.uasset" 449
"../../../TestingGrounds/Content/Character/Mannequin/TPMannequin/Materials/M_UE4Man_ChestLogo.uasset" 450
"../../../TestingGrounds/Content/Character/Mannequin/TPMannequin/Mesh/SK_Mannequin_PhysicsAsset.uasset" 451
"../../../TestingGrounds/Content/Character/Mannequin/TPMannequin/Mesh/SK_Mannequin.uasset" 452
"../../../TestingGrounds/Content/Character/Blueprint/BP_Character.uasset" 453
"../../../TestingGrounds/Content/Character/Blueprint/BP_PlayerController.uasset" 454
"../../../TestingGrounds/Content/UI/WBP_ScoreUI.uasset" 455
"../../../TestingGrounds/Content/UI/BP_HUD.uasset" 456
"../../../TestingGrounds/Content/GameMode/BP_InfiniteTerrainGameMode.uasset" 457
"../../../Engine/Content/Functions/Engine_MaterialFunctions01/ImageAdjustment/BlurSampleOffsets.uasset" 458
"../../../Engine/Content/Functions/Engine_MaterialFunctions01/ImageAdjustment/CheapContrast_RGB.uasset" 459
"../../../Engine/Content/Functions/Engine_MaterialFunctions02/HueShift.uasset" 460
"../../../Engine/Content/Functions/Engine_MaterialFunctions02/Texturing/ScreenAlignedPixelToPixelUVs.uasset" 461
"../../../Engine/Content/EngineMaterials/Good64x64TilingNoiseHighFreq.uasset" 462
"../../../Engine/Content/Functions/Engine_MaterialFunctions02/Utility/DitherTemporalAA.uasset" 463
"../../../TestingGrounds/Content/TestingGroundPack/IndustryPropsPack4/Textures/BaseTextures/base_black_d.uasset" 464
"../../../TestingGrounds/Content/TestingGroundPack/IndustryPropsPack4/Textures/BaseTextures/base_flat_n.uasset" 465
"../../../TestingGrounds/Content/TestingGroundPack/IndustryPropsPack4/Textures/BaseTextures/base_gray_d.uasset" 466
"../../../TestingGrounds/Content/TestingGroundPack/IndustryPropsPack4/Materials/BaseMaterial/bese_material.uasset" 467
"../../../TestingGrounds/Content/TestingGroundPack/IndustryPropsPack4/Textures/Box_D.uasset" 468
"../../../TestingGrounds/Content/TestingGroundPack/IndustryPropsPack4/Textures/Box_N.uasset" 469
"../../../TestingGrounds/Content/TestingGroundPack/IndustryPropsPack4/Textures/Box_SRM.uasset" 470
"../../../TestingGrounds/Content/TestingGroundPack/IndustryPropsPack4/Textures/Dirt2_N.uasset" 471
"../../../TestingGrounds/Content/TestingGroundPack/IndustryPropsPack4/Materials/Box.uasset" 472
"../../../TestingGrounds/Content/TestingGroundPack/IndustryPropsPack4/Meshes/Box2.uasset" 473
"../../../TestingGrounds/Content/Terrain/Props/BP_Box.uasset" 474
"../../../TestingGrounds/Content/TestingGroundPack/IndustryPropsPack4/Textures/Canister_D.uasset" 475
"../../../TestingGrounds/Content/TestingGroundPack/IndustryPropsPack4/Textures/Canister_N.uasset" 476
"../../../TestingGrounds/Content/TestingGroundPack/IndustryPropsPack4/Textures/Canister_SRM.uasset" 477
"../../../TestingGrounds/Content/TestingGroundPack/IndustryPropsPack4/Materials/Canister.uasset" 478
"../../../TestingGrounds/Content/TestingGroundPack/IndustryPropsPack4/Meshes/Canister1.uasset" 479
"../../../TestingGrounds/Content/Terrain/Props/BP_Canister.uasset" 480
"../../../TestingGrounds/Content/TestingGroundPack/IndustryPropsPack4/Textures/Container_D.uasset" 481
"../../../TestingGrounds/Content/TestingGroundPack/IndustryPropsPack4/Textures/Container_N.uasset" 482
"../../../TestingGrounds/Content/TestingGroundPack/IndustryPropsPack4/Textures/Container_SRM.uasset" 483
"../../../TestingGrounds/Content/TestingGroundPack/IndustryPropsPack4/Materials/Container.uasset" 484
"../../../TestingGrounds/Content/TestingGroundPack/IndustryPropsPack4/Meshes/Container.uasset" 485
"../../../TestingGrounds/Content/TestingGroundPack/IndustryPropsPack4/Meshes/ContainerDoorL.uasset" 486
"../../../TestingGrounds/Content/TestingGroundPack/IndustryPropsPack4/Meshes/ContainerDoorR.uasset" 487
"../../../TestingGrounds/Content/Terrain/Props/BP_Container.uasset" 488
"../../../Engine/Content/Functions/MaterialLayerFunctions/MatLayerBlend_OverrideOpacityMask.uasset" 489
"../../../TestingGrounds/Content/TestingGroundPack/RockPackProV1/Rock01/Textures/Rock01_Albedo.uasset" 490
"../../../TestingGrounds/Content/TestingGroundPack/RockPackProV1/Rock01/Textures/Rock01_Normals.uasset" 491
"../../../TestingGrounds/Content/TestingGroundPack/RockPackProV1/Rock01/Textures/Rock01_Occlusion.uasset" 492
"../../../TestingGrounds/Content/TestingGroundPack/RockPackProV1/Textures/RockDetail/Rocks_DetailAlbedo.uasset" 493
"../../../TestingGrounds/Content/TestingGroundPack/RockPackProV1/Rock01/Rock01_Material.uasset" 494
"../../../TestingGrounds/Content/TestingGroundPack/RockPackProV1/Rock01/Rock01_High.uasset" 495
"../../../TestingGrounds/Content/Terrain/Props/BP_Rock01.uasset" 496
"../../../TestingGrounds/Content/TestingGroundPack/RockPackProV1/Rock05/Textures/Rock05_Albedo.uasset" 497
"../../../TestingGrounds/Content/TestingGroundPack/RockPackProV1/Rock05/Textures/Rock05_Normals.uasset" 498
"../../../TestingGrounds/Content/TestingGroundPack/RockPackProV1/Rock05/Textures/Rock05_Occlusion.uasset" 499
"../../../TestingGrounds/Content/TestingGroundPack/RockPackProV1/Rock05/Rock05_Material.uasset" 500
"../../../TestingGrounds/Content/TestingGroundPack/RockPackProV1/Rock05/Rock05_High.uasset" 501
"../../../TestingGrounds/Content/Terrain/Props/BP_Rock05.uasset" 502
"../../../TestingGrounds/Content/TestingGroundPack/RockPackProV1/Rock17/Textures/Rock17_Albedo.uasset" 503
"../../../TestingGrounds/Content/TestingGroundPack/RockPackProV1/Rock17/Textures/Rock17_Normals.uasset" 504
"../../../TestingGrounds/Content/TestingGroundPack/RockPackProV1/Rock17/Textures/Rock17_Occlusion.uasset" 505
"../../../TestingGrounds/Content/TestingGroundPack/RockPackProV1/Rock17/Rock17_Material.uasset" 506
"../../../TestingGrounds/Content/TestingGroundPack/RockPackProV1/Rock17/Rock17_High.uasset" 507
"../../../TestingGrounds/Content/Terrain/Props/BP_Rock17.uasset" 508
"../../../TestingGrounds/Content/TestingGroundPack/IndustryPropsPack4/Textures/TrashCan_D.uasset" 509
"../../../TestingGrounds/Content/TestingGroundPack/IndustryPropsPack4/Textures/TrashCan_N.uasset" 510
"../../../TestingGrounds/Content/TestingGroundPack/IndustryPropsPack4/Textures/TrashCan_SRM.uasset" 511
"../../../TestingGrounds/Content/TestingGroundPack/IndustryPropsPack4/Materials/TrashCan.uasset" 512
"../../../TestingGrounds/Content/TestingGroundPack/IndustryPropsPack4/Meshes/Sack1.uasset" 513
"../../../TestingGrounds/Content/Terrain/Props/BP_Sack.uasset" 514
"../../../TestingGrounds/Content/Geometry/Meshes/Barrier.uasset" 515
"../../../TestingGrounds/Content/Terrain/MI_Barrier_Green.uasset" 516
"../../../TestingGrounds/Content/Terrain/MI_Barrier_Red.uasset" 517
"../../../TestingGrounds/Content/TestingGroundPack/GrassPack/Textures/BaseTextures/base_flat_n.uasset" 518
"../../../TestingGrounds/Content/TestingGroundPack/GrassPack/Textures/BaseTextures/base_gray_d.uasset" 519
"../../../TestingGrounds/Content/TestingGroundPack/GrassPack/Materials/BaseMaterial/bese_material.uasset" 520
"../../../TestingGrounds/Content/TestingGroundPack/GrassPack/Textures/Ground_D.uasset" 521
"../../../TestingGrounds/Content/TestingGroundPack/GrassPack/Textures/Ground_N.uasset" 522
"../../../TestingGrounds/Content/TestingGroundPack/GrassPack/Materials/Ground.uasset" 523
"../../../TestingGrounds/Content/Geometry/Meshes/CubeMaterial.uasset" 524
"../../../TestingGrounds/Content/Geometry/Meshes/1M_Cube.uasset" 525
"../../../TestingGrounds/Content/Terrain/S_GroundPlane.uasset" 526
"../../../Engine/Content/Functions/Engine_MaterialFunctions01/Gradient/LinearGradient.uasset" 527
"../../../Engine/Content/Functions/Engine_MaterialFunctions01/Shading/FuzzyShadingGrass.uasset" 528
"../../../Engine/Content/Functions/Engine_MaterialFunctions01/WorldPositionOffset/SimpleGrassWind.uasset" 529
"../../../TestingGrounds/Content/TestingGroundPack/GrassPack/Textures/BaseTextures/Mask1.uasset" 530
"../../../TestingGrounds/Content/TestingGroundPack/GrassPack/Materials/BaseMaterial/Flora_twoSides.uasset" 531
"../../../TestingGrounds/Content/TestingGroundPack/GrassPack/Textures/Grass_D.uasset" 532
"../../../TestingGrounds/Content/TestingGroundPack/GrassPack/Textures/Grass_N.uasset" 533
"../../../TestingGrounds/Content/TestingGroundPack/GrassPack/Materials/grass.uasset" 534
"../../../TestingGrounds/Content/TestingGroundPack/GrassPack/Meshes/grass01.uasset" 535
"../../../TestingGrounds/Content/TestingGroundPack/GrassPack/Textures/Grass2_D.uasset" 536
"../../../TestingGrounds/Content/TestingGroundPack/GrassPack/Textures/Grass2_N.uasset" 537
"../../../TestingGrounds/Content/TestingGroundPack/GrassPack/Materials/grass2.uasset" 538
"../../../TestingGrounds/Content/TestingGroundPack/GrassPack/Meshes/grass02.uasset" 539
"../../../TestingGrounds/Content/TestingGroundPack/GrassPack/Textures/Grass5_D.uasset" 540
"../../../TestingGrounds/Content/TestingGroundPack/GrassPack/Textures/Grass5_N.uasset" 541
"../../../TestingGrounds/Content/TestingGroundPack/GrassPack/Materials/grass5.uasset" 542
"../../../TestingGrounds/Content/TestingGroundPack/GrassPack/Meshes/grass05.uasset" 543
"../../../TestingGrounds/Content/Terrain/BP_Tile.uasset" 544
"../../../Engine/Content/EngineSky/C_Sky_Cloud_Color.uasset" 545
"../../../Engine/Content/EngineSky/C_Sky_Horizon_Color.uasset" 546
"../../../Engine/Content/EngineSky/C_Sky_Zenith_Color.uasset" 547
"../../../Engine/Content/EngineSky/T_Sky_Blue.uasset" 548
"../../../Engine/Content/EngineSky/T_Sky_Clouds_M.uasset" 549
"../../../Engine/Content/EngineSky/T_Sky_Stars.uasset" 550
"../../../Engine/Content/EngineSky/M_Sky_Panning_Clouds2.uasset" 551
"../../../Engine/Content/EngineSky/SM_SkySphere.uasset" 552
"../../../Engine/Content/EngineSky/BP_Sky_Sphere.uasset" 553
"../../../TestingGrounds/Content/Levels/FirstPersonExampleMap_BuiltData.uasset" 554
"../../../TestingGrounds/Content/Levels/FirstPersonExampleMap.umap" 555
"../../../Engine/Content/Maps/Entry.umap" 556
